CPLEX 12.9.0.0: timelimit=600
CPLEX 12.9.0.0: optimal integer solution; objective 0
0 MIP simplex iterations
0 branch-and-bound nodes
color [*,*]
:    0   1   2   3   4   5    :=
0    1   0   0   0   0   0
1    0   1   0   0   0   0
2    1   0   0   0   0   0
3    0   1   0   0   0   0
4    1   0   0   0   0   0
5    0   0   1   0   0   0
6    0   1   0   0   0   0
7    1   0   0   0   0   0
8    0   1   0   0   0   0
9    1   0   0   0   0   0
10   0   0   1   0   0   0
11   0   0   0   1   0   0
12   0   1   0   0   0   0
13   1   0   0   0   0   0
14   0   1   0   0   0   0
15   1   0   0   0   0   0
16   0   0   1   0   0   0
17   0   1   0   0   0   0
18   1   0   0   0   0   0
19   0   1   0   0   0   0
20   1   0   0   0   0   0
21   0   0   1   0   0   0
22   0   0   0   1   0   0
23   0   0   0   0   1   0
24   0   1   0   0   0   0
25   1   0   0   0   0   0
26   0   1   0   0   0   0
27   1   0   0   0   0   0
28   0   0   1   0   0   0
29   0   1   0   0   0   0
30   1   0   0   0   0   0
31   0   1   0   0   0   0
32   1   0   0   0   0   0
33   0   0   1   0   0   0
34   0   0   0   1   0   0
35   0   1   0   0   0   0
36   1   0   0   0   0   0
37   0   1   0   0   0   0
38   1   0   0   0   0   0
39   0   0   1   0   0   0
40   0   1   0   0   0   0
41   1   0   0   0   0   0
42   0   1   0   0   0   0
43   1   0   0   0   0   0
44   0   0   1   0   0   0
45   0   0   0   1   0   0
46   0   0   0   0   1   0
47   0   0   0   0   0   1
;

