CPLEX 12.9.0.0: timelimit=600
CPLEX 12.9.0.0: optimal integer solution; objective 2
65686 MIP simplex iterations
5623 branch-and-bound nodes
color [*,*]
:    0   1   2   3   4    :=
0    0   0   0   0   1
1    0   1   0   0   0
2    0   0   0   1   0
3    1   0   0   0   0
4    0   0   1   0   0
5    0   1   0   0   0
6    0   1   0   0   0
7    0   0   0   1   0
8    0   0   1   0   0
9    0   0   1   0   0
10   0   0   0   1   0
11   1   0   0   0   0
12   0   1   0   0   0
13   0   0   0   1   0
14   0   0   1   0   0
15   0   0   1   0   0
16   0   0   0   1   0
17   0   1   0   0   0
18   0   0   0   1   0
19   0   0   1   0   0
20   0   0   0   1   0
21   0   1   0   0   0
22   1   0   0   0   0
23   1   0   0   0   0
24   0   0   0   0   1
25   0   0   0   0   1
26   0   0   0   0   1
27   0   0   1   0   0
28   0   0   0   0   1
29   0   0   0   0   1
30   0   0   0   0   1
31   0   0   0   0   1
32   0   0   1   0   0
33   0   1   0   0   0
34   0   0   0   0   1
35   0   1   0   0   0
36   0   0   0   0   1
37   0   0   1   0   0
38   0   0   1   0   0
39   0   0   0   0   1
40   0   0   0   0   1
41   0   0   0   0   1
42   0   0   0   0   1
43   0   0   0   0   1
44   0   0   0   0   1
45   0   0   0   0   1
46   0   0   0   0   1
47   0   0   0   1   0
;

