CPLEX 12.9.0.0: timelimit=600
CPLEX 12.9.0.0: optimal integer solution; objective 2
1168 MIP simplex iterations
198 branch-and-bound nodes
color [*,*]
:    0   1   2   3    :=
0    0   0   0   1
1    0   1   0   0
2    0   0   1   0
3    1   0   0   0
4    1   0   0   0
5    0   0   1   0
6    0   1   0   0
7    0   1   0   0
8    0   1   0   0
9    1   0   0   0
10   0   1   0   0
11   0   0   1   0
12   0   0   0   1
13   0   0   1   0
14   0   0   0   1
15   0   0   0   1
16   0   0   0   1
17   0   0   0   1
18   0   0   0   1
19   0   1   0   0
20   0   0   0   1
21   0   0   0   1
22   0   0   0   1
23   1   0   0   0
;

