CPLEX 12.9.0.0: timelimit=600
CPLEX 12.9.0.0: time limit with integer solution; objective 2
28057165 MIP simplex iterations
356545 branch-and-bound nodes
absmipgap = 2, relmipgap = 1
color [*,*]
:     0   1   2   3   4   5   6    :=
0     1   0   0   0   0   0   0
1     0   0   0   1   0   0   0
2     0   0   0   0   0   1   0
3     0   0   0   1   0   0   0
4     0   0   0   0   0   1   0
5     0   0   1   0   0   0   0
6     0   0   0   1   0   0   0
7     0   0   0   0   0   1   0
8     0   0   0   1   0   0   0
9     0   0   0   0   0   1   0
10    0   0   0   0   1   0   0
11    0   0   1   0   0   0   0
12    0   0   1   0   0   0   0
13    0   0   1   0   0   0   0
14    0   1   0   0   0   0   0
15    0   1   0   0   0   0   0
16    0   0   1   0   0   0   0
17    1   0   0   0   0   0   0
18    1   0   0   0   0   0   0
19    1   0   0   0   0   0   0
20    1   0   0   0   0   0   0
21    1   0   0   0   0   0   0
22    0   0   1   0   0   0   0
23    0   0   0   1   0   0   0
24    0   0   0   0   1   0   0
25    0   0   0   0   1   0   0
26    0   1   0   0   0   0   0
27    0   1   0   0   0   0   0
28    0   0   0   0   1   0   0
29    1   0   0   0   0   0   0
30    0   0   0   0   0   1   0
31    0   0   0   0   1   0   0
32    0   0   0   0   0   1   0
33    0   0   0   0   1   0   0
34    0   1   0   0   0   0   0
35    0   0   0   0   1   0   0
36    0   1   0   0   0   0   0
37    0   1   0   0   0   0   0
38    0   1   0   0   0   0   0
39    0   0   0   0   1   0   0
40    1   0   0   0   0   0   0
41    0   0   0   0   1   0   0
42    1   0   0   0   0   0   0
43    1   0   0   0   0   0   0
44    0   0   0   0   1   0   0
45    0   1   0   0   0   0   0
46    0   0   0   0   1   0   0
47    0   0   1   0   0   0   0
48    0   0   0   1   0   0   0
49    0   0   0   0   0   1   0
50    0   0   0   1   0   0   0
51    0   1   0   0   0   0   0
52    0   0   1   0   0   0   0
53    1   0   0   0   0   0   0
54    0   0   0   0   0   1   0
55    0   0   0   1   0   0   0
56    0   0   0   0   0   1   0
57    1   0   0   0   0   0   0
58    0   1   0   0   0   0   0
59    0   0   1   0   0   0   0
60    0   0   1   0   0   0   0
61    0   1   0   0   0   0   0
62    0   1   0   0   0   0   0
63    0   0   1   0   0   0   0
64    1   0   0   0   0   0   0
65    1   0   0   0   0   0   0
66    1   0   0   0   0   0   0
67    1   0   0   0   0   0   0
68    1   0   0   0   0   0   0
69    0   1   0   0   0   0   0
70    0   0   0   1   0   0   0
71    0   0   0   0   0   0   1
72    0   0   0   0   0   1   0
73    0   1   0   0   0   0   0
74    0   1   0   0   0   0   0
75    0   0   0   0   0   0   1
76    1   0   0   0   0   0   0
77    0   0   0   0   0   1   0
78    0   1   0   0   0   0   0
79    0   1   0   0   0   0   0
80    1   0   0   0   0   0   0
81    0   1   0   0   0   0   0
82    0   1   0   0   0   0   0
83    0   1   0   0   0   0   0
84    0   1   0   0   0   0   0
85    1   0   0   0   0   0   0
86    0   1   0   0   0   0   0
87    0   1   0   0   0   0   0
88    1   0   0   0   0   0   0
89    1   0   0   0   0   0   0
90    1   0   0   0   0   0   0
91    1   0   0   0   0   0   0
92    0   1   0   0   0   0   0
93    0   0   0   0   0   1   0
94    0   0   1   0   0   0   0
95    0   0   0   0   1   0   0
96    0   0   0   0   0   0   1
97    0   0   0   0   0   1   0
98    0   0   0   1   0   0   0
99    0   0   0   0   0   1   0
100   0   0   0   0   0   0   1
101   0   0   0   0   0   0   1
102   1   0   0   0   0   0   0
103   1   0   0   0   0   0   0
104   1   0   0   0   0   0   0
105   0   0   0   0   1   0   0
106   0   0   0   0   0   0   1
107   1   0   0   0   0   0   0
108   0   0   0   0   0   1   0
109   0   1   0   0   0   0   0
110   0   1   0   0   0   0   0
111   1   0   0   0   0   0   0
112   1   0   0   0   0   0   0
113   1   0   0   0   0   0   0
114   1   0   0   0   0   0   0
115   1   0   0   0   0   0   0
116   1   0   0   0   0   0   0
117   0   0   0   0   0   0   1
118   0   0   0   1   0   0   0
119   0   0   0   0   0   0   1
120   0   0   0   0   0   0   1
121   0   0   0   1   0   0   0
122   0   1   0   0   0   0   0
123   0   0   0   0   1   0   0
124   1   0   0   0   0   0   0
125   1   0   0   0   0   0   0
126   1   0   0   0   0   0   0
127   1   0   0   0   0   0   0
128   1   0   0   0   0   0   0
129   0   1   0   0   0   0   0
130   0   0   0   0   1   0   0
131   0   1   0   0   0   0   0
132   0   1   0   0   0   0   0
133   0   1   0   0   0   0   0
134   1   0   0   0   0   0   0
135   1   0   0   0   0   0   0
136   1   0   0   0   0   0   0
137   1   0   0   0   0   0   0
138   1   0   0   0   0   0   0
139   1   0   0   0   0   0   0
140   0   1   0   0   0   0   0
141   0   0   0   1   0   0   0
142   0   0   0   1   0   0   0
143   0   0   0   0   0   0   1
144   0   0   0   0   0   0   1
145   0   0   0   0   0   0   1
146   0   1   0   0   0   0   0
147   0   0   0   0   0   0   1
148   1   0   0   0   0   0   0
149   1   0   0   0   0   0   0
150   1   0   0   0   0   0   0
151   1   0   0   0   0   0   0
152   0   0   0   0   0   0   1
153   0   1   0   0   0   0   0
154   1   0   0   0   0   0   0
155   0   0   0   0   0   0   1
156   1   0   0   0   0   0   0
157   0   1   0   0   0   0   0
158   1   0   0   0   0   0   0
159   1   0   0   0   0   0   0
160   1   0   0   0   0   0   0
161   1   0   0   0   0   0   0
162   1   0   0   0   0   0   0
163   1   0   0   0   0   0   0
164   0   1   0   0   0   0   0
165   0   0   0   0   0   1   0
166   0   0   0   0   0   0   1
167   0   0   0   0   0   0   1
168   0   0   0   0   0   0   1
169   0   1   0   0   0   0   0
170   0   0   0   0   0   0   1
171   1   0   0   0   0   0   0
172   1   0   0   0   0   0   0
173   1   0   0   0   0   0   0
174   0   1   0   0   0   0   0
175   1   0   0   0   0   0   0
176   0   1   0   0   0   0   0
177   1   0   0   0   0   0   0
178   0   0   0   0   0   1   0
179   1   0   0   0   0   0   0
180   1   0   0   0   0   0   0
181   1   0   0   0   0   0   0
182   1   0   0   0   0   0   0
183   0   0   0   0   0   1   0
184   1   0   0   0   0   0   0
185   1   0   0   0   0   0   0
186   1   0   0   0   0   0   0
187   1   0   0   0   0   0   0
188   0   0   0   0   0   0   1
189   0   0   0   0   0   0   1
190   0   0   0   0   1   0   0
191   0   0   1   0   0   0   0
;

