CPLEX 12.9.0.0: timelimit=600
CPLEX 12.9.0.0: time limit with integer solution; objective 2
87688017 MIP simplex iterations
1995458 branch-and-bound nodes
absmipgap = 2, relmipgap = 1
color [*,*]
:    0   1   2   3   4   5    :=
0    1   0   0   0   0   0
1    0   0   1   0   0   0
2    0   0   0   0   1   0
3    0   0   1   0   0   0
4    0   0   0   0   0   1
5    0   0   0   1   0   0
6    1   0   0   0   0   0
7    1   0   0   0   0   0
8    1   0   0   0   0   0
9    1   0   0   0   0   0
10   1   0   0   0   0   0
11   0   0   1   0   0   0
12   0   0   1   0   0   0
13   0   0   0   0   1   0
14   0   1   0   0   0   0
15   0   0   0   0   0   1
16   0   0   0   0   1   0
17   1   0   0   0   0   0
18   1   0   0   0   0   0
19   1   0   0   0   0   0
20   1   0   0   0   0   0
21   1   0   0   0   0   0
22   0   1   0   0   0   0
23   0   0   0   1   0   0
24   0   0   1   0   0   0
25   0   0   0   0   1   0
26   0   0   1   0   0   0
27   0   0   0   0   1   0
28   0   0   0   0   1   0
29   1   0   0   0   0   0
30   1   0   0   0   0   0
31   1   0   0   0   0   0
32   1   0   0   0   0   0
33   0   0   0   0   1   0
34   0   1   0   0   0   0
35   0   0   1   0   0   0
36   0   0   0   0   1   0
37   0   1   0   0   0   0
38   0   0   0   0   1   0
39   0   0   0   0   1   0
40   1   0   0   0   0   0
41   1   0   0   0   0   0
42   1   0   0   0   0   0
43   1   0   0   0   0   0
44   1   0   0   0   0   0
45   0   1   0   0   0   0
46   0   0   0   1   0   0
47   0   0   0   0   0   1
48   0   1   0   0   0   0
49   0   0   0   0   1   0
50   0   1   0   0   0   0
51   0   1   0   0   0   0
52   0   0   0   1   0   0
53   1   0   0   0   0   0
54   1   0   0   0   0   0
55   1   0   0   0   0   0
56   1   0   0   0   0   0
57   1   0   0   0   0   0
58   0   1   0   0   0   0
59   0   1   0   0   0   0
60   0   1   0   0   0   0
61   0   1   0   0   0   0
62   0   1   0   0   0   0
63   0   1   0   0   0   0
64   1   0   0   0   0   0
65   1   0   0   0   0   0
66   1   0   0   0   0   0
67   1   0   0   0   0   0
68   1   0   0   0   0   0
69   0   1   0   0   0   0
70   0   0   0   1   0   0
71   0   1   0   0   0   0
72   0   0   0   0   1   0
73   0   1   0   0   0   0
74   0   1   0   0   0   0
75   0   0   0   0   1   0
76   1   0   0   0   0   0
77   1   0   0   0   0   0
78   1   0   0   0   0   0
79   1   0   0   0   0   0
80   1   0   0   0   0   0
81   0   1   0   0   0   0
82   0   1   0   0   0   0
83   0   1   0   0   0   0
84   0   1   0   0   0   0
85   0   1   0   0   0   0
86   0   1   0   0   0   0
87   0   1   0   0   0   0
88   0   1   0   0   0   0
89   1   0   0   0   0   0
90   1   0   0   0   0   0
91   1   0   0   0   0   0
92   0   1   0   0   0   0
93   0   0   0   1   0   0
94   0   0   0   0   0   1
95   0   0   1   0   0   0
;

