CPLEX 12.9.0.0: optimal integer solution; objective 3302537
4 MIP simplex iterations
0 branch-and-bound nodes
Select [*] :=
   0 0    114 1    228 0    342 1    456 1    570 1    684 1    798 1    912 1
   1 1    115 1    229 1    343 1    457 0    571 1    685 1    799 1    913 1
   2 1    116 1    230 1    344 1    458 1    572 1    686 1    800 1    914 1
   3 1    117 1    231 1    345 1    459 0    573 1    687 1    801 1    915 1
   4 1    118 1    232 1    346 1    460 1    574 1    688 1    802 1    916 0
   5 0    119 1    233 1    347 0    461 1    575 1    689 1    803 1    917 0
   6 1    120 1    234 1    348 1    462 1    576 1    690 1    804 1    918 1
   7 0    121 1    235 1    349 0    463 1    577 1    691 1    805 1    919 0
   8 1    122 1    236 1    350 0    464 1    578 0    692 1    806 0    920 1
   9 0    123 0    237 1    351 0    465 1    579 1    693 1    807 0    921 0
  10 0    124 1    238 0    352 1    466 1    580 0    694 0    808 1    922 1
  11 1    125 1    239 0    353 1    467 0    581 1    695 1    809 1    923 0
  12 1    126 0    240 1    354 1    468 1    582 0    696 1    810 1    924 1
  13 0    127 1    241 1    355 1    469 0    583 1    697 1    811 1    925 1
  14 0    128 0    242 0    356 1    470 0    584 1    698 0    812 1    926 0
  15 1    129 0    243 1    357 1    471 1    585 1    699 1    813 1    927 1
  16 1    130 0    244 1    358 0    472 0    586 1    700 1    814 1    928 1
  17 0    131 1    245 0    359 1    473 1    587 0    701 1    815 1    929 1
  18 0    132 0    246 0    360 0    474 1    588 1    702 0    816 1    930 1
  19 0    133 0    247 1    361 1    475 1    589 0    703 1    817 0    931 1
  20 1    134 0    248 1    362 0    476 0    590 1    704 1    818 1    932 0
  21 1    135 0    249 1    363 1    477 1    591 1    705 1    819 1    933 1
  22 0    136 1    250 1    364 0    478 1    592 1    706 1    820 1    934 0
  23 1    137 1    251 1    365 1    479 0    593 1    707 0    821 0    935 1
  24 0    138 1    252 1    366 0    480 1    594 0    708 1    822 1    936 0
  25 1    139 0    253 1    367 1    481 1    595 1    709 0    823 1    937 0
  26 0    140 1    254 1    368 1    482 1    596 1    710 1    824 1    938 1
  27 1    141 1    255 1    369 1    483 0    597 1    711 0    825 0    939 0
  28 1    142 1    256 1    370 1    484 1    598 1    712 1    826 1    940 1
  29 1    143 0    257 0    371 1    485 0    599 0    713 1    827 1    941 1
  30 0    144 0    258 1    372 1    486 1    600 1    714 0    828 1    942 1
  31 0    145 1    259 1    373 1    487 1    601 0    715 1    829 1    943 1
  32 0    146 1    260 1    374 0    488 1    602 1    716 1    830 0    944 1
  33 0    147 0    261 0    375 0    489 1    603 1    717 0    831 1    945 0
  34 1    148 0    262 1    376 0    490 0    604 1    718 1    832 1    946 1
  35 1    149 1    263 1    377 1    491 0    605 0    719 1    833 1    947 1
  36 1    150 1    264 1    378 1    492 0    606 1    720 0    834 1    948 1
  37 0    151 1    265 0    379 1    493 1    607 0    721 1    835 1    949 1
  38 0    152 0    266 0    380 1    494 0    608 0    722 0    836 1    950 1
  39 0    153 0    267 1    381 0    495 0    609 0    723 1    837 0    951 1
  40 1    154 1    268 1    382 1    496 1    610 1    724 1    838 1    952 1
  41 1    155 1    269 1    383 1    497 1    611 1    725 1    839 1    953 1
  42 0    156 1    270 1    384 0    498 1    612 0    726 1    840 1    954 1
  43 1    157 1    271 0    385 1    499 1    613 1    727 0    841 1    955 1
  44 1    158 1    272 1    386 1    500 1    614 1    728 1    842 1    956 0
  45 0    159 1    273 0    387 1    501 1    615 1    729 1    843 0    957 1
  46 1    160 1    274 0    388 1    502 1    616 1    730 1    844 1    958 1
  47 1    161 1    275 0    389 1    503 0    617 0    731 1    845 1    959 0
  48 1    162 1    276 1    390 1    504 1    618 1    732 1    846 1    960 0
  49 1    163 1    277 0    391 0    505 1    619 0    733 1    847 0    961 1
  50 1    164 1    278 1    392 0    506 1    620 1    734 0    848 1    962 1
  51 1    165 0    279 1    393 0    507 0    621 1    735 0    849 1    963 1
  52 1    166 1    280 1    394 1    508 0    622 1    736 0    850 1    964 1
  53 1    167 1    281 1    395 1    509 1    623 1    737 0    851 0    965 0
  54 1    168 1    282 1    396 1    510 1    624 1    738 1    852 0    966 1
  55 1    169 0    283 0    397 1    511 1    625 1    739 1    853 1    967 1
  56 0    170 1    284 1    398 1    512 1    626 1    740 0    854 1    968 1
  57 1    171 1    285 1    399 0    513 1    627 1    741 1    855 1    969 1
  58 1    172 0    286 0    400 1    514 1    628 1    742 1    856 0    970 1
  59 1    173 0    287 0    401 1    515 0    629 1    743 1    857 1    971 1
  60 1    174 1    288 0    402 1    516 0    630 1    744 0    858 0    972 1
  61 0    175 1    289 0    403 0    517 1    631 1    745 1    859 0    973 1
  62 0    176 1    290 0    404 1    518 0    632 1    746 1    860 1    974 1
  63 1    177 1    291 1    405 1    519 0    633 1    747 1    861 1    975 1
  64 1    178 1    292 1    406 1    520 1    634 1    748 1    862 1    976 1
  65 0    179 0    293 1    407 1    521 1    635 1    749 1    863 1    977 1
  66 1    180 1    294 1    408 1    522 1    636 1    750 1    864 1    978 1
  67 1    181 1    295 1    409 1    523 1    637 1    751 1    865 1    979 0
  68 0    182 1    296 1    410 0    524 0    638 1    752 1    866 1    980 0
  69 1    183 1    297 1    411 1    525 1    639 1    753 0    867 0    981 1
  70 1    184 1    298 1    412 1    526 1    640 1    754 0    868 1    982 1
  71 1    185 0    299 0    413 0    527 1    641 1    755 1    869 0    983 1
  72 1    186 1    300 1    414 1    528 1    642 0    756 0    870 1    984 1
  73 0    187 0    301 0    415 1    529 0    643 1    757 0    871 0    985 1
  74 1    188 1    302 0    416 0    530 0    644 1    758 1    872 0    986 1
  75 1    189 1    303 0    417 0    531 1    645 1    759 1    873 1    987 1
  76 0    190 1    304 1    418 0    532 0    646 1    760 0    874 1    988 1
  77 1    191 1    305 0    419 0    533 1    647 1    761 1    875 1    989 0
  78 1    192 1    306 1    420 1    534 0    648 1    762 0    876 1    990 1
  79 0    193 0    307 1    421 1    535 0    649 1    763 1    877 1    991 1
  80 1    194 1    308 0    422 1    536 0    650 0    764 1    878 1    992 1
  81 0    195 1    309 1    423 0    537 0    651 1    765 1    879 1    993 1
  82 1    196 0    310 1    424 1    538 0    652 1    766 1    880 0    994 1
  83 0    197 0    311 1    425 1    539 1    653 1    767 0    881 1    995 0
  84 0    198 1    312 1    426 1    540 0    654 1    768 1    882 0    996 1
  85 1    199 1    313 1    427 0    541 0    655 1    769 1    883 1    997 1
  86 1    200 1    314 1    428 0    542 1    656 0    770 1    884 0    998 0
  87 0    201 1    315 1    429 1    543 1    657 1    771 1    885 1    999 1
  88 1    202 1    316 1    430 1    544 1    658 1    772 1    886 1   1000 0
  89 1    203 1    317 0    431 0    545 1    659 0    773 0    887 0   1001 1
  90 1    204 1    318 0    432 0    546 0    660 0    774 0    888 0   1002 1
  91 0    205 1    319 1    433 1    547 0    661 0    775 1    889 1   1003 0
  92 1    206 0    320 1    434 1    548 0    662 1    776 1    890 1   1004 0
  93 1    207 0    321 1    435 1    549 1    663 0    777 1    891 0   1005 1
  94 0    208 0    322 1    436 1    550 0    664 1    778 1    892 1   1006 1
  95 1    209 1    323 0    437 0    551 0    665 0    779 1    893 1   1007 1
  96 1    210 0    324 1    438 1    552 1    666 1    780 1    894 1   1008 1
  97 1    211 1    325 1    439 1    553 1    667 1    781 1    895 1   1009 0
  98 1    212 1    326 1    440 1    554 1    668 1    782 1    896 1   1010 1
  99 0    213 1    327 1    441 0    555 1    669 1    783 1    897 1   1011 1
 100 1    214 0    328 1    442 0    556 0    670 0    784 1    898 0   1012 1
 101 1    215 1    329 1    443 1    557 1    671 1    785 1    899 1   1013 0
 102 1    216 0    330 0    444 1    558 1    672 1    786 1    900 1   1014 0
 103 1    217 1    331 1    445 0    559 0    673 0    787 1    901 0   1015 1
 104 0    218 1    332 1    446 1    560 1    674 1    788 1    902 1   1016 0
 105 0    219 0    333 1    447 0    561 0    675 1    789 0    903 1   1017 1
 106 0    220 1    334 1    448 0    562 1    676 1    790 1    904 1   1018 0
 107 1    221 1    335 1    449 0    563 1    677 1    791 1    905 1   1019 1
 108 1    222 1    336 1    450 1    564 1    678 0    792 1    906 1   1020 1
 109 0    223 1    337 1    451 1    565 1    679 0    793 1    907 1   1021 1
 110 1    224 0    338 1    452 0    566 1    680 0    794 1    908 1   1022 1
 111 0    225 1    339 1    453 1    567 0    681 0    795 0    909 1   1023 1
 112 1    226 1    340 0    454 1    568 1    682 1    796 1    910 1
 113 0    227 1    341 1    455 1    569 1    683 1    797 0    911 0
;

