CPLEX 12.9.0.0: optimal integer solution within mipgap or absmipgap; objective 1687946
3 MIP simplex iterations
0 branch-and-bound nodes
absmipgap = 3, relmipgap = 1.77731e-06
Select [*] :=
  0 1    52 1   104 0   156 1   208 1   260 1   312 1   364 0   416 0   468 1
  1 1    53 1   105 0   157 1   209 1   261 0   313 1   365 1   417 1   469 0
  2 1    54 1   106 0   158 1   210 0   262 1   314 1   366 0   418 1   470 0
  3 1    55 1   107 1   159 1   211 1   263 1   315 1   367 1   419 0   471 1
  4 0    56 0   108 1   160 1   212 1   264 1   316 1   368 1   420 1   472 0
  5 0    57 1   109 0   161 1   213 1   265 0   317 0   369 1   421 1   473 1
  6 1    58 1   110 1   162 1   214 0   266 0   318 0   370 1   422 1   474 0
  7 0    59 1   111 0   163 1   215 1   267 1   319 1   371 1   423 0   475 1
  8 1    60 1   112 1   164 1   216 0   268 1   320 1   372 1   424 1   476 0
  9 0    61 0   113 1   165 0   217 1   269 1   321 1   373 1   425 1   477 1
 10 0    62 0   114 1   166 1   218 1   270 1   322 1   374 0   426 1   478 1
 11 1    63 1   115 1   167 1   219 0   271 0   323 0   375 0   427 0   479 0
 12 1    64 1   116 1   168 1   220 1   272 1   324 1   376 0   428 0   480 1
 13 0    65 0   117 1   169 0   221 1   273 0   325 1   377 1   429 1   481 1
 14 0    66 1   118 1   170 1   222 1   274 0   326 1   378 1   430 1   482 1
 15 1    67 1   119 1   171 1   223 1   275 0   327 1   379 1   431 0   483 0
 16 1    68 0   120 1   172 0   224 0   276 1   328 1   380 1   432 0   484 1
 17 0    69 1   121 1   173 1   225 1   277 0   329 1   381 0   433 1   485 0
 18 0    70 1   122 1   174 1   226 1   278 1   330 0   382 1   434 1   486 1
 19 0    71 1   123 0   175 1   227 1   279 1   331 1   383 1   435 1   487 1
 20 1    72 1   124 1   176 1   228 0   280 1   332 1   384 0   436 1   488 1
 21 1    73 0   125 1   177 1   229 1   281 1   333 1   385 1   437 0   489 1
 22 0    74 1   126 0   178 1   230 1   282 1   334 1   386 1   438 1   490 0
 23 1    75 1   127 1   179 0   231 1   283 0   335 1   387 1   439 1   491 1
 24 0    76 0   128 0   180 1   232 1   284 1   336 1   388 1   440 1   492 0
 25 1    77 1   129 0   181 1   233 1   285 1   337 1   389 1   441 0   493 1
 26 0    78 1   130 0   182 1   234 1   286 0   338 1   390 1   442 0   494 0
 27 1    79 0   131 1   183 1   235 1   287 0   339 1   391 0   443 1   495 1
 28 1    80 1   132 0   184 1   236 1   288 1   340 0   392 0   444 1   496 1
 29 1    81 0   133 0   185 0   237 1   289 0   341 1   393 0   445 0   497 1
 30 0    82 1   134 0   186 1   238 0   290 0   342 1   394 1   446 1   498 1
 31 0    83 0   135 0   187 0   239 0   291 1   343 1   395 1   447 0   499 1
 32 0    84 0   136 1   188 1   240 1   292 1   344 1   396 1   448 0   500 1
 33 0    85 1   137 1   189 1   241 1   293 1   345 1   397 1   449 0   501 1
 34 1    86 1   138 1   190 1   242 0   294 1   346 1   398 1   450 1   502 1
 35 1    87 0   139 0   191 1   243 1   295 1   347 0   399 0   451 1   503 1
 36 1    88 1   140 1   192 1   244 1   296 1   348 1   400 1   452 0   504 1
 37 0    89 1   141 1   193 0   245 0   297 1   349 0   401 1   453 1   505 1
 38 0    90 1   142 1   194 1   246 1   298 1   350 0   402 1   454 1   506 1
 39 0    91 0   143 0   195 1   247 1   299 0   351 0   403 0   455 1   507 0
 40 1    92 1   144 0   196 0   248 1   300 1   352 1   404 1   456 1   508 1
 41 1    93 1   145 1   197 0   249 1   301 0   353 1   405 1   457 0   509 1
 42 0    94 0   146 1   198 1   250 1   302 0   354 1   406 1   458 1   510 1
 43 1    95 1   147 0   199 1   251 1   303 0   355 1   407 1   459 0   511 1
 44 1    96 1   148 0   200 1   252 1   304 1   356 1   408 1   460 1
 45 0    97 1   149 1   201 1   253 1   305 0   357 1   409 1   461 1
 46 1    98 1   150 1   202 1   254 1   306 1   358 0   410 0   462 1
 47 1    99 0   151 1   203 1   255 1   307 1   359 1   411 1   463 1
 48 1   100 1   152 0   204 1   256 1   308 0   360 0   412 1   464 1
 49 1   101 1   153 0   205 1   257 0   309 1   361 1   413 0   465 1
 50 1   102 1   154 1   206 0   258 1   310 1   362 0   414 1   466 1
 51 1   103 1   155 1   207 0   259 1   311 1   363 1   415 1   467 0
;

